<?xml version="1.0" encoding="UTF-8"?>
<!-- Generated by org.testng.reporters.JUnitReportReporter -->
<testsuite skipped="0" hostname="DESKTOP-5S59B3V" name="tests.LoginPageTests" tests="5" failures="0" timestamp="05 Apr 2021 02:53:32 GMT" time="13.118" errors="0">
  <testcase name="verifyLoginPageTitle" time="1.683" classname="tests.LoginPageTests"/>
  <testcase name="createAccountwithInvalidEmail" time="4.342" classname="tests.LoginPageTests"/>
  <testcase name="createAnAccountWithValidEmail" time="0.211" classname="tests.LoginPageTests"/>
  <testcase name="verifyloginwithinvalidCredentials" time="1.985" classname="tests.LoginPageTests"/>
  <testcase name="verifyForgotPasswordLink" time="4.897" classname="tests.LoginPageTests"/>
</testsuite> <!-- tests.LoginPageTests -->
