<?xml version="1.0" encoding="UTF-8"?>
<!-- Generated by org.testng.reporters.JUnitReportReporter -->
<testsuite skipped="0" hostname="DESKTOP-5S59B3V" name="tests.LoginPageTests" tests="5" failures="0" timestamp="01 Apr 2021 01:51:53 GMT" time="13.416" errors="0">
  <testcase name="verifyLoginPageTitle" time="1.544" classname="tests.LoginPageTests"/>
  <testcase name="createAccountwithInvalidEmail" time="4.248" classname="tests.LoginPageTests"/>
  <testcase name="createAnAccountWithValidEmail" time="0.292" classname="tests.LoginPageTests"/>
  <testcase name="verifyloginwithinvalidCredentials" time="1.100" classname="tests.LoginPageTests"/>
  <testcase name="verifyForgotPasswordLink" time="6.232" classname="tests.LoginPageTests"/>
</testsuite> <!-- tests.LoginPageTests -->
