<?xml version="1.0" encoding="UTF-8"?>
<!-- Generated by org.testng.reporters.JUnitReportReporter -->
<testsuite skipped="0" hostname="DESKTOP-5S59B3V" name="tests.SearchPageTests" tests="1" failures="0" timestamp="01 Apr 2021 01:51:54 GMT" time="0.008" errors="0">
  <testcase name="searchFunctionalitytest" time="0.008" classname="tests.SearchPageTests"/>
</testsuite> <!-- tests.SearchPageTests -->
