<?xml version="1.0" encoding="UTF-8"?>
<!-- Generated by org.testng.reporters.JUnitReportReporter -->
<testsuite skipped="0" hostname="DESKTOP-5S59B3V" name="tests.LoginPageTests" tests="5" failures="0" timestamp="14 Apr 2021 02:36:59 GMT" time="14.466" errors="0">
  <testcase name="verifyLoginPageTitle" time="1.313" classname="tests.LoginPageTests"/>
  <testcase name="createAccountwithInvalidEmail" time="4.393" classname="tests.LoginPageTests"/>
  <testcase name="createAnAccountWithValidEmail" time="0.226" classname="tests.LoginPageTests"/>
  <testcase name="verifyloginwithinvalidCredentials" time="2.708" classname="tests.LoginPageTests"/>
  <testcase name="verifyForgotPasswordLink" time="5.826" classname="tests.LoginPageTests"/>
</testsuite> <!-- tests.LoginPageTests -->
