<?xml version="1.0" encoding="UTF-8"?>
<!-- Generated by org.testng.reporters.JUnitReportReporter -->
<testsuite skipped="0" hostname="DESKTOP-5S59B3V" name="tests.HomePageTests" tests="5" failures="0" timestamp="01 Apr 2021 01:51:54 GMT" time="5.464" errors="0">
  <testcase name="verifyHomePage" time="0.014" classname="tests.HomePageTests"/>
  <testcase name="verifySignInLink" time="2.169" classname="tests.HomePageTests"/>
  <testcase name="verifyContactUsLink" time="1.049" classname="tests.HomePageTests"/>
  <testcase name="verifySearchFunctionality" time="1.167" classname="tests.HomePageTests"/>
  <testcase name="verifyCartLink" time="1.065" classname="tests.HomePageTests"/>
</testsuite> <!-- tests.HomePageTests -->
