<?xml version="1.0" encoding="UTF-8"?>
<!-- Generated by org.testng.reporters.JUnitReportReporter -->
<testsuite skipped="0" hostname="DESKTOP-5S59B3V" name="tests.LoginPageTests" tests="5" failures="0" timestamp="14 Apr 2021 02:49:03 GMT" time="15.628" errors="0">
  <testcase name="verifyLoginPageTitle" time="1.023" classname="tests.LoginPageTests"/>
  <testcase name="createAccountwithInvalidEmail" time="4.349" classname="tests.LoginPageTests"/>
  <testcase name="createAnAccountWithValidEmail" time="0.246" classname="tests.LoginPageTests"/>
  <testcase name="verifyloginwithinvalidCredentials" time="2.260" classname="tests.LoginPageTests"/>
  <testcase name="verifyForgotPasswordLink" time="7.750" classname="tests.LoginPageTests"/>
</testsuite> <!-- tests.LoginPageTests -->
