<?xml version="1.0" encoding="UTF-8"?>
<!-- Generated by org.testng.reporters.JUnitReportReporter -->
<testsuite skipped="0" hostname="DESKTOP-5S59B3V" name="tests.HomePageTests" tests="5" failures="0" timestamp="14 Apr 2021 02:49:03 GMT" time="30.367" errors="0">
  <testcase name="verifyHomePage" time="0.015" classname="tests.HomePageTests"/>
  <testcase name="verifySignInLink" time="1.742" classname="tests.HomePageTests"/>
  <testcase name="verifyContactUsLink" time="1.095" classname="tests.HomePageTests"/>
  <testcase name="verifySearchFunctionality" time="26.748" classname="tests.HomePageTests"/>
  <testcase name="verifyCartLink" time="0.767" classname="tests.HomePageTests"/>
</testsuite> <!-- tests.HomePageTests -->
