<?xml version="1.0" encoding="UTF-8"?>
<!-- Generated by org.testng.reporters.JUnitReportReporter -->
<testsuite skipped="0" hostname="DESKTOP-5S59B3V" name="pages.SearchPage" tests="1" failures="0" timestamp="14 Apr 2021 02:49:03 GMT" time="0.014" errors="0">
  <testcase name="searchfunctionality" time="0.014" classname="pages.SearchPage"/>
</testsuite> <!-- pages.SearchPage -->
