<?xml version="1.0" encoding="UTF-8"?>
<!-- Generated by org.testng.reporters.JUnitReportReporter -->
<testsuite skipped="0" hostname="DESKTOP-5S59B3V" name="tests.HomePageTests" tests="2" failures="0" timestamp="25 Mar 2021 02:49:17 GMT" time="1.920" errors="0">
  <testcase name="verifySignInLink" time="1.840" classname="tests.HomePageTests"/>
  <testcase name="verifyHomePage" time="0.080" classname="tests.HomePageTests"/>
</testsuite> <!-- tests.HomePageTests -->
